<?xml version="1.0" encoding="UTF-8"?>
<testng-results total="2" passed="2" failed="0" skipped="0">
  <reporter-output>
  </reporter-output>
  <suite started-at="2021-07-26T08:56:01Z" name="Suite1" finished-at="2021-07-26T08:56:10Z" duration-ms="9623">
    <groups>
    </groups>
    <test started-at="2021-07-26T08:56:01Z" name="Nopackage" finished-at="2021-07-26T08:56:10Z" duration-ms="9623">
      <class name="com.hrms.Testscripts.TC001$tc001">
        <test-method signature="tc001()[pri:0, instance:com.hrms.Testscripts.TC001$tc001@1cd629b3]" started-at="2021-07-26T14:26:01Z" name="tc001" finished-at="2021-07-26T14:26:04Z" duration-ms="3248" status="PASS">
          <reporter-output>
          </reporter-output>
        </test-method> <!-- tc001 -->
      </class> <!-- com.hrms.Testscripts.TC001$tc001 -->
      <class name="com.hrms.Testscripts.TC002$tc002">
        <test-method signature="tc002()[pri:0, instance:com.hrms.Testscripts.TC002$tc002@295cf707]" started-at="2021-07-26T14:26:04Z" name="tc002" finished-at="2021-07-26T14:26:10Z" duration-ms="6363" status="PASS">
          <reporter-output>
          </reporter-output>
        </test-method> <!-- tc002 -->
      </class> <!-- com.hrms.Testscripts.TC002$tc002 -->
    </test> <!-- Nopackage -->
  </suite> <!-- Suite1 -->
</testng-results>
